[debug] [2022-10-27T14:11:37.285Z] ----------------------------------------------------------------------
[debug] [2022-10-27T14:11:37.289Z] Command:       C:\Program Files\nodejs\node.exe C:\Users\Acer\AppData\Roaming\npm\node_modules\firebase-tools\lib\bin\firebase.js init
[debug] [2022-10-27T14:11:37.289Z] CLI Version:   11.15.0
[debug] [2022-10-27T14:11:37.290Z] Platform:      win32
[debug] [2022-10-27T14:11:37.290Z] Node Version:  v16.15.1
[debug] [2022-10-27T14:11:37.291Z] Time:          Thu Oct 27 2022 20:11:37 GMT+0600 (Bangladesh Standard Time)
[debug] [2022-10-27T14:11:37.292Z] ----------------------------------------------------------------------
[debug] 
[debug] [2022-10-27T14:11:37.303Z] > command requires scopes: ["email","openid","https://www.googleapis.com/auth/cloudplatformprojects.readonly","https://www.googleapis.com/auth/firebase","https://www.googleapis.com/auth/cloud-platform"]
[debug] [2022-10-27T14:11:37.304Z] > authorizing via signed-in user (khsultana1995@gmail.com)
[info] 
     ######## #### ########  ######## ########     ###     ######  ########
     ##        ##  ##     ## ##       ##     ##  ##   ##  ##       ##
     ######    ##  ########  ######   ########  #########  ######  ######
     ##        ##  ##    ##  ##       ##     ## ##     ##       ## ##
     ##       #### ##     ## ######## ########  ##     ##  ######  ########

You're about to initialize a Firebase project in this directory:

  E:\Month of October  MileStone 10\Assignment-10\b610-learning-platform-client-side-khsultana

[info] 
=== Project Setup
[info] 
[info] First, let's associate this project directory with a Firebase project.
[info] You can create multiple project aliases by running firebase use --add, 
[info] but for now we'll just set up a default project.
[info] 
[debug] [2022-10-27T14:11:53.680Z] > refreshing access token with scopes: []
[debug] [2022-10-27T14:11:53.684Z] >>> [apiv2][query] POST https://www.googleapis.com/oauth2/v3/token [none]
[debug] [2022-10-27T14:11:53.684Z] >>> [apiv2][body] POST https://www.googleapis.com/oauth2/v3/token [omitted]
[debug] [2022-10-27T14:11:54.237Z] <<< [apiv2][status] POST https://www.googleapis.com/oauth2/v3/token 200
[debug] [2022-10-27T14:11:54.237Z] <<< [apiv2][body] POST https://www.googleapis.com/oauth2/v3/token [omitted]
[debug] [2022-10-27T14:11:54.261Z] >>> [apiv2][query] GET https://firebase.googleapis.com/v1beta1/projects pageSize=100
[debug] [2022-10-27T14:11:55.318Z] <<< [apiv2][status] GET https://firebase.googleapis.com/v1beta1/projects 200
[debug] [2022-10-27T14:11:55.319Z] <<< [apiv2][body] GET https://firebase.googleapis.com/v1beta1/projects [omitted]
